2020-05-16T03:52:58+00:00 CRITICAL Uncaught Error: Cannot use object of type stdClass as array in /home/ubuntu/environment/wp-content/themes/abc-widgets/homepage.php:53
Stack trace:
#0 /home/ubuntu/environment/wp-includes/template-loader.php(106): include()
#1 /home/ubuntu/environment/wp-blog-header.php(19): require_once('/home/ubuntu/en...')
#2 /home/ubuntu/environment/index.php(17): require('/home/ubuntu/en...')
#3 {main}
  thrown in /home/ubuntu/environment/wp-content/themes/abc-widgets/homepage.php on line 53

2020-05-16T03:53:13+00:00 CRITICAL Uncaught Error: Cannot use object of type stdClass as array in /home/ubuntu/environment/wp-content/themes/abc-widgets/homepage.php:53
Stack trace:
#0 /home/ubuntu/environment/wp-includes/template-loader.php(106): include()
#1 /home/ubuntu/environment/wp-blog-header.php(19): require_once('/home/ubuntu/en...')
#2 /home/ubuntu/environment/index.php(17): require('/home/ubuntu/en...')
#3 {main}
  thrown in /home/ubuntu/environment/wp-content/themes/abc-widgets/homepage.php on line 53

2020-05-16T03:53:19+00:00 CRITICAL Uncaught Error: Cannot use object of type stdClass as array in /home/ubuntu/environment/wp-content/themes/abc-widgets/homepage.php:53
Stack trace:
#0 /home/ubuntu/environment/wp-includes/template-loader.php(106): include()
#1 /home/ubuntu/environment/wp-blog-header.php(19): require_once('/home/ubuntu/en...')
#2 /home/ubuntu/environment/index.php(17): require('/home/ubuntu/en...')
#3 {main}
  thrown in /home/ubuntu/environment/wp-content/themes/abc-widgets/homepage.php on line 53

2020-05-16T04:01:54+00:00 CRITICAL Uncaught Error: Cannot use object of type stdClass as array in /home/ubuntu/environment/wp-content/themes/abc-widgets/homepage.php:53
Stack trace:
#0 /home/ubuntu/environment/wp-includes/template-loader.php(106): include()
#1 /home/ubuntu/environment/wp-blog-header.php(19): require_once('/home/ubuntu/en...')
#2 /home/ubuntu/environment/index.php(17): require('/home/ubuntu/en...')
#3 {main}
  thrown in /home/ubuntu/environment/wp-content/themes/abc-widgets/homepage.php on line 53

2020-05-16T04:02:00+00:00 CRITICAL Uncaught Error: Cannot use object of type stdClass as array in /home/ubuntu/environment/wp-content/themes/abc-widgets/homepage.php:53
Stack trace:
#0 /home/ubuntu/environment/wp-includes/template-loader.php(106): include()
#1 /home/ubuntu/environment/wp-blog-header.php(19): require_once('/home/ubuntu/en...')
#2 /home/ubuntu/environment/index.php(17): require('/home/ubuntu/en...')
#3 {main}
  thrown in /home/ubuntu/environment/wp-content/themes/abc-widgets/homepage.php on line 53

2020-05-16T04:05:32+00:00 CRITICAL Uncaught Error: Cannot use object of type stdClass as array in /home/ubuntu/environment/wp-content/themes/abc-widgets/homepage.php:56
Stack trace:
#0 /home/ubuntu/environment/wp-includes/template-loader.php(106): include()
#1 /home/ubuntu/environment/wp-blog-header.php(19): require_once('/home/ubuntu/en...')
#2 /home/ubuntu/environment/index.php(17): require('/home/ubuntu/en...')
#3 {main}
  thrown in /home/ubuntu/environment/wp-content/themes/abc-widgets/homepage.php on line 56

2020-05-16T04:05:39+00:00 CRITICAL Uncaught Error: Cannot use object of type stdClass as array in /home/ubuntu/environment/wp-content/themes/abc-widgets/homepage.php:56
Stack trace:
#0 /home/ubuntu/environment/wp-includes/template-loader.php(106): include()
#1 /home/ubuntu/environment/wp-blog-header.php(19): require_once('/home/ubuntu/en...')
#2 /home/ubuntu/environment/index.php(17): require('/home/ubuntu/en...')
#3 {main}
  thrown in /home/ubuntu/environment/wp-content/themes/abc-widgets/homepage.php on line 56

2020-05-16T04:06:22+00:00 CRITICAL Uncaught Error: Cannot use object of type stdClass as array in /home/ubuntu/environment/wp-content/themes/abc-widgets/homepage.php:56
Stack trace:
#0 /home/ubuntu/environment/wp-includes/template-loader.php(106): include()
#1 /home/ubuntu/environment/wp-blog-header.php(19): require_once('/home/ubuntu/en...')
#2 /home/ubuntu/environment/index.php(17): require('/home/ubuntu/en...')
#3 {main}
  thrown in /home/ubuntu/environment/wp-content/themes/abc-widgets/homepage.php on line 56

2020-05-16T04:06:36+00:00 CRITICAL Uncaught Error: Cannot use object of type stdClass as array in /home/ubuntu/environment/wp-content/themes/abc-widgets/homepage.php:56
Stack trace:
#0 /home/ubuntu/environment/wp-includes/template-loader.php(106): include()
#1 /home/ubuntu/environment/wp-blog-header.php(19): require_once('/home/ubuntu/en...')
#2 /home/ubuntu/environment/index.php(17): require('/home/ubuntu/en...')
#3 {main}
  thrown in /home/ubuntu/environment/wp-content/themes/abc-widgets/homepage.php on line 56

2020-05-16T04:07:20+00:00 CRITICAL Uncaught Error: Cannot use object of type stdClass as array in /home/ubuntu/environment/wp-content/themes/abc-widgets/homepage.php:56
Stack trace:
#0 /home/ubuntu/environment/wp-includes/template-loader.php(106): include()
#1 /home/ubuntu/environment/wp-blog-header.php(19): require_once('/home/ubuntu/en...')
#2 /home/ubuntu/environment/index.php(17): require('/home/ubuntu/en...')
#3 {main}
  thrown in /home/ubuntu/environment/wp-content/themes/abc-widgets/homepage.php on line 56

2020-05-16T04:07:32+00:00 CRITICAL Uncaught Error: Cannot use object of type stdClass as array in /home/ubuntu/environment/wp-content/themes/abc-widgets/homepage.php:56
Stack trace:
#0 /home/ubuntu/environment/wp-includes/template-loader.php(106): include()
#1 /home/ubuntu/environment/wp-blog-header.php(19): require_once('/home/ubuntu/en...')
#2 /home/ubuntu/environment/index.php(17): require('/home/ubuntu/en...')
#3 {main}
  thrown in /home/ubuntu/environment/wp-content/themes/abc-widgets/homepage.php on line 56

2020-05-16T04:17:00+00:00 CRITICAL Uncaught Error: Call to a member function get_results() on null in /home/ubuntu/environment/wp-content/themes/abc-widgets/homepage.php:58
Stack trace:
#0 /home/ubuntu/environment/wp-includes/template-loader.php(106): include()
#1 /home/ubuntu/environment/wp-blog-header.php(19): require_once('/home/ubuntu/en...')
#2 /home/ubuntu/environment/index.php(17): require('/home/ubuntu/en...')
#3 {main}
  thrown in /home/ubuntu/environment/wp-content/themes/abc-widgets/homepage.php on line 58

2020-05-16T04:17:15+00:00 CRITICAL Uncaught Error: Call to a member function get_results() on null in /home/ubuntu/environment/wp-content/themes/abc-widgets/homepage.php:58
Stack trace:
#0 /home/ubuntu/environment/wp-includes/template-loader.php(106): include()
#1 /home/ubuntu/environment/wp-blog-header.php(19): require_once('/home/ubuntu/en...')
#2 /home/ubuntu/environment/index.php(17): require('/home/ubuntu/en...')
#3 {main}
  thrown in /home/ubuntu/environment/wp-content/themes/abc-widgets/homepage.php on line 58

2020-05-16T04:20:06+00:00 CRITICAL Uncaught Error: Call to a member function get_results() on null in /home/ubuntu/environment/wp-content/themes/abc-widgets/homepage.php:58
Stack trace:
#0 /home/ubuntu/environment/wp-includes/template-loader.php(106): include()
#1 /home/ubuntu/environment/wp-blog-header.php(19): require_once('/home/ubuntu/en...')
#2 /home/ubuntu/environment/index.php(17): require('/home/ubuntu/en...')
#3 {main}
  thrown in /home/ubuntu/environment/wp-content/themes/abc-widgets/homepage.php on line 58

2020-05-16T04:20:12+00:00 CRITICAL Uncaught Error: Call to a member function get_results() on null in /home/ubuntu/environment/wp-content/themes/abc-widgets/homepage.php:58
Stack trace:
#0 /home/ubuntu/environment/wp-includes/template-loader.php(106): include()
#1 /home/ubuntu/environment/wp-blog-header.php(19): require_once('/home/ubuntu/en...')
#2 /home/ubuntu/environment/index.php(17): require('/home/ubuntu/en...')
#3 {main}
  thrown in /home/ubuntu/environment/wp-content/themes/abc-widgets/homepage.php on line 58

2020-05-16T04:28:00+00:00 CRITICAL Uncaught Error: Call to a member function get_results() on null in /home/ubuntu/environment/wp-content/themes/abc-widgets/homepage.php:60
Stack trace:
#0 /home/ubuntu/environment/wp-includes/template-loader.php(106): include()
#1 /home/ubuntu/environment/wp-blog-header.php(19): require_once('/home/ubuntu/en...')
#2 /home/ubuntu/environment/index.php(17): require('/home/ubuntu/en...')
#3 {main}
  thrown in /home/ubuntu/environment/wp-content/themes/abc-widgets/homepage.php on line 60

2020-05-16T04:29:25+00:00 CRITICAL Uncaught Error: Call to a member function get_results() on null in /home/ubuntu/environment/wp-content/themes/abc-widgets/homepage.php:60
Stack trace:
#0 /home/ubuntu/environment/wp-includes/template-loader.php(106): include()
#1 /home/ubuntu/environment/wp-blog-header.php(19): require_once('/home/ubuntu/en...')
#2 /home/ubuntu/environment/index.php(17): require('/home/ubuntu/en...')
#3 {main}
  thrown in /home/ubuntu/environment/wp-content/themes/abc-widgets/homepage.php on line 60

